# JRE version: Java(TM) SE Runtime Environment (8.0_74-b02) (build 1.8.0_74-b02)
# Java VM: Java HotSpot(TM) 64-Bit Server VM (25.74-b02 mixed mode windows-amd64 compressed oops)
Heap:
 PSYoungGen      total 724992K, used 99819K [0x0000000760000000, 0x000000079da80000, 0x00000007c0000000)
  eden space 625152K, 0% used [0x0000000760000000,0x0000000760000000,0x0000000786280000)
  from space 99840K, 99% used [0x0000000786280000,0x000000078c3fafb0,0x000000078c400000)
  to   space 153600K, 0% used [0x0000000794480000,0x0000000794480000,0x000000079da80000)
 ParOldGen       total 387584K, used 346649K [0x00000006a0000000, 0x00000006b7a80000, 0x0000000760000000)
  object space 387584K, 89% used [0x00000006a0000000,0x00000006b52866f0,0x00000006b7a80000)
 Metaspace       used 101333K, capacity 105392K, committed 105432K, reserved 1140736K
  class space    used 12919K, capacity 13762K, committed 13784K, reserved 1048576K
GC Heap History (10 events):
Event: 159.494 GC heap after
Heap after GC invocations=38 (full 5):
 PSYoungGen      total 621056K, used 41048K [0x0000000760000000, 0x0000000790080000, 0x00000007c0000000)
  eden space 513536K, 0% used [0x0000000760000000,0x0000000760000000,0x000000077f580000)
  from space 107520K, 38% used [0x000000077f580000,0x0000000781d96350,0x0000000785e80000)
  to   space 101376K, 0% used [0x0000000789d80000,0x0000000789d80000,0x0000000790080000)
 ParOldGen       total 387584K, used 208554K [0x00000006a0000000, 0x00000006b7a80000, 0x0000000760000000)
  object space 387584K, 53% used [0x00000006a0000000,0x00000006acbaab48,0x00000006b7a80000)
 Metaspace       used 97884K, capacity 101634K, committed 101976K, reserved 1138688K
  class space    used 12729K, capacity 13513K, committed 13656K, reserved 1048576K
}
Event: 321.845 GC heap before
{Heap before GC invocations=39 (full 5):
 PSYoungGen      total 621056K, used 554584K [0x0000000760000000, 0x0000000790080000, 0x00000007c0000000)
  eden space 513536K, 100% used [0x0000000760000000,0x000000077f580000,0x000000077f580000)
  from space 107520K, 38% used [0x000000077f580000,0x0000000781d96350,0x0000000785e80000)
  to   space 101376K, 0% used [0x0000000789d80000,0x0000000789d80000,0x0000000790080000)
 ParOldGen       total 387584K, used 208554K [0x00000006a0000000, 0x00000006b7a80000, 0x0000000760000000)
  object space 387584K, 53% used [0x00000006a0000000,0x00000006acbaab48,0x00000006b7a80000)
 Metaspace       used 99422K, capacity 103358K, committed 103512K, reserved 1138688K
  class space    used 12806K, capacity 13607K, committed 13656K, reserved 1048576K
Event: 321.924 GC heap after
Heap after GC invocations=39 (full 5):
 PSYoungGen      total 663040K, used 22526K [0x0000000760000000, 0x000000078f380000, 0x00000007c0000000)
  eden space 574976K, 0% used [0x0000000760000000,0x0000000760000000,0x0000000783180000)
  from space 88064K, 25% used [0x0000000789d80000,0x000000078b37fb40,0x000000078f380000)
  to   space 99328K, 0% used [0x0000000783180000,0x0000000783180000,0x0000000789280000)
 ParOldGen       total 387584K, used 232851K [0x00000006a0000000, 0x00000006b7a80000, 0x0000000760000000)
  object space 387584K, 60% used [0x00000006a0000000,0x00000006ae364e10,0x00000006b7a80000)
 Metaspace       used 99422K, capacity 103358K, committed 103512K, reserved 1138688K
  class space    used 12806K, capacity 13607K, committed 13656K, reserved 1048576K
}
Event: 518.316 GC heap before
{Heap before GC invocations=40 (full 5):
 PSYoungGen      total 663040K, used 597502K [0x0000000760000000, 0x000000078f380000, 0x00000007c0000000)
  eden space 574976K, 100% used [0x0000000760000000,0x0000000783180000,0x0000000783180000)
  from space 88064K, 25% used [0x0000000789d80000,0x000000078b37fb40,0x000000078f380000)
  to   space 99328K, 0% used [0x0000000783180000,0x0000000783180000,0x0000000789280000)
 ParOldGen       total 387584K, used 232851K [0x00000006a0000000, 0x00000006b7a80000, 0x0000000760000000)
  object space 387584K, 60% used [0x00000006a0000000,0x00000006ae364e10,0x00000006b7a80000)
 Metaspace       used 100022K, capacity 104020K, committed 104280K, reserved 1140736K
  class space    used 12821K, capacity 13630K, committed 13656K, reserved 1048576K
Event: 518.360 GC heap after
Heap after GC invocations=40 (full 5):
 PSYoungGen      total 674304K, used 9729K [0x0000000760000000, 0x0000000792c00000, 0x00000007c0000000)
  eden space 574976K, 0% used [0x0000000760000000,0x0000000760000000,0x0000000783180000)
  from space 99328K, 9% used [0x0000000783180000,0x0000000783b004e0,0x0000000789280000)
  to   space 98816K, 0% used [0x000000078cb80000,0x000000078cb80000,0x0000000792c00000)
 ParOldGen       total 387584K, used 245227K [0x00000006a0000000, 0x00000006b7a80000, 0x0000000760000000)
  object space 387584K, 63% used [0x00000006a0000000,0x00000006aef7ac60,0x00000006b7a80000)
 Metaspace       used 100022K, capacity 104020K, committed 104280K, reserved 1140736K
  class space    used 12821K, capacity 13630K, committed 13656K, reserved 1048576K
}
Event: 632.307 GC heap before
{Heap before GC invocations=41 (full 5):
 PSYoungGen      total 674304K, used 584705K [0x0000000760000000, 0x0000000792c00000, 0x00000007c0000000)
  eden space 574976K, 100% used [0x0000000760000000,0x0000000783180000,0x0000000783180000)
  from space 99328K, 9% used [0x0000000783180000,0x0000000783b004e0,0x0000000789280000)
  to   space 98816K, 0% used [0x000000078cb80000,0x000000078cb80000,0x0000000792c00000)
 ParOldGen       total 387584K, used 245227K [0x00000006a0000000, 0x00000006b7a80000, 0x0000000760000000)
  object space 387584K, 63% used [0x00000006a0000000,0x00000006aef7ac60,0x00000006b7a80000)
 Metaspace       used 100595K, capacity 104664K, committed 104920K, reserved 1140736K
  class space    used 12850K, capacity 13694K, committed 13784K, reserved 1048576K
Event: 632.424 GC heap after
Heap after GC invocations=41 (full 5):
 PSYoungGen      total 717312K, used 57999K [0x0000000760000000, 0x0000000792580000, 0x00000007c0000000)
  eden space 625152K, 0% used [0x0000000760000000,0x0000000760000000,0x0000000786280000)
  from space 92160K, 62% used [0x000000078cb80000,0x0000000790423d90,0x0000000792580000)
  to   space 99840K, 0% used [0x0000000786280000,0x0000000786280000,0x000000078c400000)
 ParOldGen       total 387584K, used 245235K [0x00000006a0000000, 0x00000006b7a80000, 0x0000000760000000)
  object space 387584K, 63% used [0x00000006a0000000,0x00000006aef7cc60,0x00000006b7a80000)
 Metaspace       used 100595K, capacity 104664K, committed 104920K, reserved 1140736K
  class space    used 12850K, capacity 13694K, committed 13784K, reserved 1048576K
}
Event: 639.617 GC heap before
{Heap before GC invocations=42 (full 5):
 PSYoungGen      total 717312K, used 683151K [0x0000000760000000, 0x0000000792580000, 0x00000007c0000000)
  eden space 625152K, 100% used [0x0000000760000000,0x0000000786280000,0x0000000786280000)
  from space 92160K, 62% used [0x000000078cb80000,0x0000000790423d90,0x0000000792580000)
  to   space 99840K, 0% used [0x0000000786280000,0x0000000786280000,0x000000078c400000)
 ParOldGen       total 387584K, used 245235K [0x00000006a0000000, 0x00000006b7a80000, 0x0000000760000000)
  object space 387584K, 63% used [0x00000006a0000000,0x00000006aef7cc60,0x00000006b7a80000)
 Metaspace       used 101333K, capacity 105392K, committed 105432K, reserved 1140736K
  class space    used 12919K, capacity 13762K, committed 13784K, reserved 1048576K
Event: 639.982 GC heap after
Heap after GC invocations=42 (full 5):
 PSYoungGen      total 724992K, used 99819K [0x0000000760000000, 0x000000079da80000, 0x00000007c0000000)
  eden space 625152K, 0% used [0x0000000760000000,0x0000000760000000,0x0000000786280000)
  from space 99840K, 99% used [0x0000000786280000,0x000000078c3fafb0,0x000000078c400000)
  to   space 153600K, 0% used [0x0000000794480000,0x0000000794480000,0x000000079da80000)
 ParOldGen       total 387584K, used 346649K [0x00000006a0000000, 0x00000006b7a80000, 0x0000000760000000)
  object space 387584K, 89% used [0x00000006a0000000,0x00000006b52866f0,0x00000006b7a80000)
 Metaspace       used 101333K, capacity 105392K, committed 105432K, reserved 1140736K
  class space    used 12919K, capacity 13762K, committed 13784K, reserved 1048576K
}
Event: 639.982 GC heap before
{Heap before GC invocations=43 (full 6):
 PSYoungGen      total 724992K, used 99819K [0x0000000760000000, 0x000000079da80000, 0x00000007c0000000)
  eden space 625152K, 0% used [0x0000000760000000,0x0000000760000000,0x0000000786280000)
  from space 99840K, 99% used [0x0000000786280000,0x000000078c3fafb0,0x000000078c400000)
  to   space 153600K, 0% used [0x0000000794480000,0x0000000794480000,0x000000079da80000)
 ParOldGen       total 387584K, used 346649K [0x00000006a0000000, 0x00000006b7a80000, 0x0000000760000000)
  object space 387584K, 89% used [0x00000006a0000000,0x00000006b52866f0,0x00000006b7a80000)
 Metaspace       used 101333K, capacity 105392K, committed 105432K, reserved 1140736K
  class space    used 12919K, capacity 13762K, committed 13784K, reserved 1048576K

