# JRE version: Java(TM) SE Runtime Environment (8.0_74-b02) (build 1.8.0_74-b02)
# Java VM: Java HotSpot(TM) 64-Bit Server VM (25.74-b02 mixed mode windows-amd64 compressed oops)
Heap:
 PSYoungGen      total 1309696K, used 470435K [0x0000000760000000, 0x00000007bf880000, 0x00000007c0000000)
  eden space 1048576K, 40% used [0x0000000760000000,0x000000077a06b338,0x00000007a0000000)
  from space 261120K, 16% used [0x00000007a0000000,0x00000007a2afda70,0x00000007aff00000)
  to   space 247808K, 0% used [0x00000007b0680000,0x00000007b0680000,0x00000007bf880000)
 ParOldGen       total 517120K, used 295966K [0x00000006a0000000, 0x00000006bf900000, 0x0000000760000000)
  object space 517120K, 57% used [0x00000006a0000000,0x00000006b2107a30,0x00000006bf900000)
 Metaspace       used 121270K, capacity 130542K, committed 130688K, reserved 1163264K
  class space    used 15001K, capacity 16711K, committed 16768K, reserved 1048576K
GC Heap History (10 events):
Event: 11915.021 GC heap before
{Heap before GC invocations=85 (full 8):
 PSYoungGen      total 1162240K, used 1003658K [0x0000000760000000, 0x00000007b9380000, 0x00000007c0000000)
  eden space 899584K, 100% used [0x0000000760000000,0x0000000796e80000,0x0000000796e80000)
  from space 262656K, 39% used [0x00000007a9300000,0x00000007af8a2ad0,0x00000007b9380000)
  to   space 281088K, 0% used [0x0000000796e80000,0x0000000796e80000,0x00000007a8100000)
 ParOldGen       total 517120K, used 294445K [0x00000006a0000000, 0x00000006bf900000, 0x0000000760000000)
  object space 517120K, 56% used [0x00000006a0000000,0x00000006b1f8b5a8,0x00000006bf900000)
 Metaspace       used 115909K, capacity 124662K, committed 124800K, reserved 1159168K
  class space    used 14326K, capacity 15942K, committed 16000K, reserved 1048576K
Event: 11915.266 GC heap after
Heap after GC invocations=85 (full 8):
 PSYoungGen      total 1180672K, used 18171K [0x0000000760000000, 0x00000007b9b80000, 0x00000007c0000000)
  eden space 899584K, 0% used [0x0000000760000000,0x0000000760000000,0x0000000796e80000)
  from space 281088K, 6% used [0x0000000796e80000,0x000000079803ee68,0x00000007a8100000)
  to   space 270848K, 0% used [0x00000007a9300000,0x00000007a9300000,0x00000007b9b80000)
 ParOldGen       total 517120K, used 294453K [0x00000006a0000000, 0x00000006bf900000, 0x0000000760000000)
  object space 517120K, 56% used [0x00000006a0000000,0x00000006b1f8d5a8,0x00000006bf900000)
 Metaspace       used 115909K, capacity 124662K, committed 124800K, reserved 1159168K
  class space    used 14326K, capacity 15942K, committed 16000K, reserved 1048576K
}
Event: 12172.175 GC heap before
{Heap before GC invocations=86 (full 8):
 PSYoungGen      total 1180672K, used 917755K [0x0000000760000000, 0x00000007b9b80000, 0x00000007c0000000)
  eden space 899584K, 100% used [0x0000000760000000,0x0000000796e80000,0x0000000796e80000)
  from space 281088K, 6% used [0x0000000796e80000,0x000000079803ee68,0x00000007a8100000)
  to   space 270848K, 0% used [0x00000007a9300000,0x00000007a9300000,0x00000007b9b80000)
 ParOldGen       total 517120K, used 294453K [0x00000006a0000000, 0x00000006bf900000, 0x0000000760000000)
  object space 517120K, 56% used [0x00000006a0000000,0x00000006b1f8d5a8,0x00000006bf900000)
 Metaspace       used 119074K, capacity 127908K, committed 128128K, reserved 1161216K
  class space    used 14744K, capacity 16412K, committed 16512K, reserved 1048576K
Event: 12172.483 GC heap after
Heap after GC invocations=86 (full 8):
 PSYoungGen      total 1167360K, used 27851K [0x0000000760000000, 0x00000007b7f80000, 0x00000007c0000000)
  eden space 925184K, 0% used [0x0000000760000000,0x0000000760000000,0x0000000798780000)
  from space 242176K, 11% used [0x00000007a9300000,0x00000007aae32e30,0x00000007b7f80000)
  to   space 258048K, 0% used [0x0000000798780000,0x0000000798780000,0x00000007a8380000)
 ParOldGen       total 517120K, used 294461K [0x00000006a0000000, 0x00000006bf900000, 0x0000000760000000)
  object space 517120K, 56% used [0x00000006a0000000,0x00000006b1f8f5a8,0x00000006bf900000)
 Metaspace       used 119074K, capacity 127908K, committed 128128K, reserved 1161216K
  class space    used 14744K, capacity 16412K, committed 16512K, reserved 1048576K
}
Event: 12203.096 GC heap before
{Heap before GC invocations=87 (full 8):
 PSYoungGen      total 1167360K, used 953035K [0x0000000760000000, 0x00000007b7f80000, 0x00000007c0000000)
  eden space 925184K, 100% used [0x0000000760000000,0x0000000798780000,0x0000000798780000)
  from space 242176K, 11% used [0x00000007a9300000,0x00000007aae32e30,0x00000007b7f80000)
  to   space 258048K, 0% used [0x0000000798780000,0x0000000798780000,0x00000007a8380000)
 ParOldGen       total 517120K, used 294461K [0x00000006a0000000, 0x00000006bf900000, 0x0000000760000000)
  object space 517120K, 56% used [0x00000006a0000000,0x00000006b1f8f5a8,0x00000006bf900000)
 Metaspace       used 119162K, capacity 128074K, committed 128384K, reserved 1161216K
  class space    used 14759K, capacity 16421K, committed 16512K, reserved 1048576K
Event: 12209.243 GC heap after
Heap after GC invocations=87 (full 8):
 PSYoungGen      total 1183232K, used 49282K [0x0000000760000000, 0x00000007beb80000, 0x00000007c0000000)
  eden space 925184K, 0% used [0x0000000760000000,0x0000000760000000,0x0000000798780000)
  from space 258048K, 19% used [0x0000000798780000,0x000000079b7a0938,0x00000007a8380000)
  to   space 242176K, 0% used [0x00000007aff00000,0x00000007aff00000,0x00000007beb80000)
 ParOldGen       total 517120K, used 294461K [0x00000006a0000000, 0x00000006bf900000, 0x0000000760000000)
  object space 517120K, 56% used [0x00000006a0000000,0x00000006b1f8f5a8,0x00000006bf900000)
 Metaspace       used 119162K, capacity 128074K, committed 128384K, reserved 1161216K
  class space    used 14759K, capacity 16421K, committed 16512K, reserved 1048576K
}
Event: 12234.734 GC heap before
{Heap before GC invocations=88 (full 8):
 PSYoungGen      total 1183232K, used 974466K [0x0000000760000000, 0x00000007beb80000, 0x00000007c0000000)
  eden space 925184K, 100% used [0x0000000760000000,0x0000000798780000,0x0000000798780000)
  from space 258048K, 19% used [0x0000000798780000,0x000000079b7a0938,0x00000007a8380000)
  to   space 242176K, 0% used [0x00000007aff00000,0x00000007aff00000,0x00000007beb80000)
 ParOldGen       total 517120K, used 294461K [0x00000006a0000000, 0x00000006bf900000, 0x0000000760000000)
  object space 517120K, 56% used [0x00000006a0000000,0x00000006b1f8f5a8,0x00000006bf900000)
 Metaspace       used 120828K, capacity 130062K, committed 130176K, reserved 1163264K
  class space    used 14981K, capacity 16697K, committed 16768K, reserved 1048576K
Event: 12239.603 GC heap after
Heap after GC invocations=88 (full 8):
 PSYoungGen      total 1290752K, used 164042K [0x0000000760000000, 0x00000007c0000000, 0x00000007c0000000)
  eden space 1048576K, 0% used [0x0000000760000000,0x0000000760000000,0x00000007a0000000)
  from space 242176K, 67% used [0x00000007aff00000,0x00000007b9f32a08,0x00000007beb80000)
  to   space 261120K, 0% used [0x00000007a0000000,0x00000007a0000000,0x00000007aff00000)
 ParOldGen       total 517120K, used 295574K [0x00000006a0000000, 0x00000006bf900000, 0x0000000760000000)
  object space 517120K, 57% used [0x00000006a0000000,0x00000006b20a5a30,0x00000006bf900000)
 Metaspace       used 120828K, capacity 130062K, committed 130176K, reserved 1163264K
  class space    used 14981K, capacity 16697K, committed 16768K, reserved 1048576K
}
Event: 12302.540 GC heap before
{Heap before GC invocations=89 (full 8):
 PSYoungGen      total 1290752K, used 1212618K [0x0000000760000000, 0x00000007c0000000, 0x00000007c0000000)
  eden space 1048576K, 100% used [0x0000000760000000,0x00000007a0000000,0x00000007a0000000)
  from space 242176K, 67% used [0x00000007aff00000,0x00000007b9f32a08,0x00000007beb80000)
  to   space 261120K, 0% used [0x00000007a0000000,0x00000007a0000000,0x00000007aff00000)
 ParOldGen       total 517120K, used 295574K [0x00000006a0000000, 0x00000006bf900000, 0x0000000760000000)
  object space 517120K, 57% used [0x00000006a0000000,0x00000006b20a5a30,0x00000006bf900000)
 Metaspace       used 121075K, capacity 130338K, committed 130432K, reserved 1163264K
  class space    used 14996K, capacity 16711K, committed 16768K, reserved 1048576K
Event: 12304.334 GC heap after
Heap after GC invocations=89 (full 8):
 PSYoungGen      total 1309696K, used 44022K [0x0000000760000000, 0x00000007bf880000, 0x00000007c0000000)
  eden space 1048576K, 0% used [0x0000000760000000,0x0000000760000000,0x00000007a0000000)
  from space 261120K, 16% used [0x00000007a0000000,0x00000007a2afda70,0x00000007aff00000)
  to   space 247808K, 0% used [0x00000007b0680000,0x00000007b0680000,0x00000007bf880000)
 ParOldGen       total 517120K, used 295966K [0x00000006a0000000, 0x00000006bf900000, 0x0000000760000000)
  object space 517120K, 57% used [0x00000006a0000000,0x00000006b2107a30,0x00000006bf900000)
 Metaspace       used 121075K, capacity 130338K, committed 130432K, reserved 1163264K
  class space    used 14996K, capacity 16711K, committed 16768K, reserved 1048576K
}

